<?xml version="1.0" encoding="UTF-8"?>
<!-- Generated by org.testng.reporters.JUnitReportReporter -->
<testsuite hostname="Haripriya" failures="0" tests="3" name="com.qa.linkedin.testcases.LinkedinHomePageTest" time="2.338" errors="0" timestamp="2022-12-10T16:10:31 EST" skipped="0">
  <testcase classname="com.qa.linkedin.testcases.LinkedinHomePageTest" name="verifyLinkedinHomePageTitleTest" time="0.065"/>
  <system-out/>
  <testcase classname="com.qa.linkedin.testcases.LinkedinHomePageTest" name="verifyLinkedinLogoTest" time="0.145"/>
  <system-out/>
  <testcase classname="com.qa.linkedin.testcases.LinkedinHomePageTest" name="clickSigninLinkedinLinkTest" time="2.128"/>
  <system-out/>
</testsuite> <!-- com.qa.linkedin.testcases.LinkedinHomePageTest -->
